  Game.cpp
C:\Users\Andrew\Documents\Learning SFML\SFML GameDev Tutorial\LearningSFML\Game.cpp(12,12): warning C4244: 'argument': conversion from 'time_t' to 'unsigned int', possible loss of data
C:\Users\Andrew\Documents\Learning SFML\SFML GameDev Tutorial\LearningSFML\Game.cpp(13,11): warning C4244: 'initializing': conversion from 'int' to 'float', possible loss of data
C:\Users\Andrew\Documents\Learning SFML\SFML GameDev Tutorial\LearningSFML\Game.cpp(14,17): warning C4244: 'initializing': conversion from 'int' to 'float', possible loss of data
C:\Users\Andrew\Documents\Learning SFML\SFML GameDev Tutorial\LearningSFML\Game.cpp(16,23): warning C4244: 'initializing': conversion from 'int' to 'float', possible loss of data
C:\Users\Andrew\Documents\Learning SFML\SFML GameDev Tutorial\LearningSFML\Game.cpp(20,30): warning C4305: 'argument': truncation from 'double' to 'float'
C:\Users\Andrew\Documents\Learning SFML\SFML GameDev Tutorial\LearningSFML\Game.cpp(51,29): warning C4244: 'argument': conversion from 'const int' to 'float', possible loss of data
C:\Users\Andrew\Documents\Learning SFML\SFML GameDev Tutorial\LearningSFML\Game.cpp(59,29): warning C4244: 'argument': conversion from 'const int' to 'float', possible loss of data
C:\Users\Andrew\Documents\Learning SFML\SFML GameDev Tutorial\LearningSFML\Game.cpp(67,29): warning C4244: 'argument': conversion from 'const int' to 'float', possible loss of data
C:\Users\Andrew\Documents\Learning SFML\SFML GameDev Tutorial\LearningSFML\Game.cpp(75,29): warning C4244: 'argument': conversion from 'const int' to 'float', possible loss of data
C:\Users\Andrew\Documents\Learning SFML\SFML GameDev Tutorial\LearningSFML\Game.cpp(199,34): warning C4244: '+=': conversion from 'double' to 'T', possible loss of data
          with
          [
              T=float
          ]
C:\Users\Andrew\Documents\Learning SFML\SFML GameDev Tutorial\LearningSFML\Game.cpp(247,34): warning C4244: '+=': conversion from 'double' to 'T', possible loss of data
          with
          [
              T=float
          ]
C:\Users\Andrew\Documents\Learning SFML\SFML GameDev Tutorial\LearningSFML\Game.cpp(406,14): warning C4244: 'initializing': conversion from 'int' to 'float', possible loss of data
C:\Users\Andrew\Documents\Learning SFML\SFML GameDev Tutorial\LearningSFML\Game.cpp(407,23): warning C4244: 'initializing': conversion from 'int' to 'float', possible loss of data
C:\Users\Andrew\Documents\Learning SFML\SFML GameDev Tutorial\LearningSFML\Game.cpp(420,10): warning C4244: 'initializing': conversion from 'T' to 'int', possible loss of data
          with
          [
              T=float
          ]
C:\Users\Andrew\Documents\Learning SFML\SFML GameDev Tutorial\LearningSFML\Game.cpp(424,20): warning C4244: 'argument': conversion from 'int' to 'float', possible loss of data
C:\Users\Andrew\Documents\Learning SFML\SFML GameDev Tutorial\LearningSFML\Game.cpp(430,10): warning C4244: 'initializing': conversion from 'T' to 'int', possible loss of data
          with
          [
              T=float
          ]
C:\Users\Andrew\Documents\Learning SFML\SFML GameDev Tutorial\LearningSFML\Game.cpp(434,20): warning C4244: 'argument': conversion from 'int' to 'float', possible loss of data
C:\Users\Andrew\Documents\Learning SFML\SFML GameDev Tutorial\LearningSFML\Game.cpp(440,10): warning C4244: 'initializing': conversion from 'T' to 'int', possible loss of data
          with
          [
              T=float
          ]
C:\Users\Andrew\Documents\Learning SFML\SFML GameDev Tutorial\LearningSFML\Game.cpp(444,20): warning C4244: 'argument': conversion from 'int' to 'float', possible loss of data
C:\Users\Andrew\Documents\Learning SFML\SFML GameDev Tutorial\LearningSFML\Game.cpp(450,10): warning C4244: 'initializing': conversion from 'T' to 'int', possible loss of data
          with
          [
              T=float
          ]
C:\Users\Andrew\Documents\Learning SFML\SFML GameDev Tutorial\LearningSFML\Game.cpp(455,20): warning C4244: 'argument': conversion from 'int' to 'float', possible loss of data
  Source.cpp
  Generating code
  Previous IPDB not found, fall back to full compilation.
  All 177 functions were compiled because no usable IPDB/IOBJ from previous compilation was found.
  Finished generating code
  LearningSFML.vcxproj -> C:\Users\Andrew\Documents\Learning SFML\SFML GameDev Tutorial\LearningSFML\Release\ClearingBoulders.exe
